2021-08-10T04:17:54.673Z - info: Website generation (lazy) started at 12:17:54 pm
2021-08-10T04:18:00.580Z - info: Building assets...
2021-08-10T04:18:09.061Z - info: Assets built
2021-08-10T04:18:09.069Z - info: Generating landing page...
2021-08-10T04:18:12.998Z - info: Landing page built, other pages will be built as you navigate to them!
2021-08-10T04:18:16.910Z - info: Site data built
2021-08-10T04:18:16.912Z - info: Website generation (lazy) complete! Total build time: 22.279s
2021-08-10T04:18:18.354Z - info: Serving "D:\Teaching\CS2113\_AY2122S1\AY2122S1-website\_site" at http://127.0.0.1:8080
2021-08-10T04:18:18.356Z - info: Press CTRL+C to stop ...
2021-08-10T04:18:31.458Z - info: Building D:\Teaching\CS2113\_AY2122S1\AY2122S1-website\admin\appendixE-gitHub as some of its dependencies were changed since the last visit
2021-08-10T04:18:33.479Z - info: Site data built
2021-08-10T04:18:33.479Z - info: Lazy website regeneration complete! Total build time: 2.022s
2021-08-10T04:19:52.807Z - info: [12:19:52 pm] Reload for file change: D:\Teaching\CS2113\_AY2122S1\AY2122S1-website\admin\tools.md
2021-08-10T04:19:52.810Z - info: Synchronizing opened pages list before reload
2021-08-10T04:19:52.812Z - info: Current opened pages, from most-to-least recent:
2021-08-10T04:19:52.813Z - info: 1. admin/appendixE-gitHub
2021-08-10T04:19:53.823Z - info: Rebuilding 1 pages
2021-08-10T04:19:56.086Z - info: Site data built
2021-08-10T04:19:56.087Z - info: Pages rebuilt
2021-08-10T04:19:56.088Z - info: Website regeneration complete! Total build time: 2.265s
2021-08-10T04:20:17.480Z - info: Building D:\Teaching\CS2113\_AY2122S1\AY2122S1-website\admin\tools as some of its dependencies were changed since the last visit
2021-08-10T04:20:18.029Z - info: Site data built
2021-08-10T04:20:18.030Z - info: Lazy website regeneration complete! Total build time: 0.55s
2021-08-10T04:20:40.688Z - info: [12:20:40 pm] Reload for file change: D:\Teaching\CS2113\_AY2122S1\AY2122S1-website\admin\tools.md
2021-08-10T04:20:40.689Z - info: Synchronizing opened pages list before reload
2021-08-10T04:20:40.689Z - info: Current opened pages, from most-to-least recent:
2021-08-10T04:20:40.690Z - info: 1. admin/tools
2021-08-10T04:20:41.706Z - info: Rebuilding 1 pages
2021-08-10T04:20:42.905Z - info: Site data built
2021-08-10T04:20:42.906Z - info: Pages rebuilt
2021-08-10T04:20:42.907Z - info: Website regeneration complete! Total build time: 1.206s
2021-08-10T04:21:10.104Z - info: [12:21:10 pm] Reload for file change: D:\Teaching\CS2113\_AY2122S1\AY2122S1-website\admin\tools.md
2021-08-10T04:21:10.105Z - info: Synchronizing opened pages list before reload
2021-08-10T04:21:10.105Z - info: Current opened pages, from most-to-least recent:
2021-08-10T04:21:10.106Z - info: 1. admin/tools
2021-08-10T04:21:11.131Z - info: Rebuilding 1 pages
2021-08-10T04:21:12.017Z - info: Site data built
2021-08-10T04:21:12.017Z - info: Pages rebuilt
2021-08-10T04:21:12.018Z - info: Website regeneration complete! Total build time: 0.891s
2021-08-10T04:32:47.844Z - info: [12:32:47 pm] Reload for file change: D:\Teaching\CS2113\_AY2122S1\AY2122S1-website\_markbind\layouts\header.md
2021-08-10T04:32:47.847Z - info: Synchronizing opened pages list before reload
2021-08-10T04:32:47.848Z - info: Current opened pages, from most-to-least recent:
2021-08-10T04:32:47.848Z - info: 1. admin/tools
2021-08-10T04:32:47.880Z - info: [12:32:47 pm] Reload for file change: D:\Teaching\CS2113\_AY2122S1\AY2122S1-website\_markbind\variables.md
2021-08-10T04:32:47.883Z - info: Synchronizing opened pages list before reload
2021-08-10T04:32:47.884Z - info: Current opened pages, from most-to-least recent:
2021-08-10T04:32:47.885Z - info: 1. admin/tools
2021-08-10T04:32:49.425Z - warn: Rebuilding all pages as variables file was changed, or the --force-reload flag was set
2021-08-10T04:32:49.431Z - info: Rebuilding 1 pages
2021-08-10T04:32:50.349Z - info: Site data built
2021-08-10T04:32:50.352Z - info: Pages rebuilt
2021-08-10T04:32:50.353Z - info: Website regeneration complete! Total build time: 1.115s
2021-08-10T04:32:55.732Z - info: [12:32:55 pm] Reload for file change: D:\Teaching\CS2113\_AY2122S1\AY2122S1-website\_markbind\layouts\header.md
2021-08-10T04:32:55.733Z - info: Synchronizing opened pages list before reload
2021-08-10T04:32:55.735Z - info: Current opened pages, from most-to-least recent:
2021-08-10T04:32:55.736Z - info: 1. admin/tools
2021-08-10T04:32:57.100Z - info: Rebuilding 1 pages
2021-08-10T04:32:57.585Z - info: Site data built
2021-08-10T04:32:57.586Z - info: Pages rebuilt
2021-08-10T04:32:57.587Z - info: Website regeneration complete! Total build time: 0.488s
2021-08-10T04:33:34.536Z - info: Building D:\Teaching\CS2113\_AY2122S1\AY2122S1-website\admin\instructors as some of its dependencies were changed since the last visit
2021-08-10T04:33:34.798Z - info: Site data built
2021-08-10T04:33:34.799Z - info: Lazy website regeneration complete! Total build time: 0.264s
2021-08-10T04:36:54.854Z - info: [12:36:54 pm] Reload for file change: D:\Teaching\CS2113\_AY2122S1\AY2122S1-website\_markbind\variables.md
2021-08-10T04:36:54.855Z - info: Synchronizing opened pages list before reload
2021-08-10T04:36:54.856Z - info: Current opened pages, from most-to-least recent:
2021-08-10T04:36:54.856Z - info: 1. admin/instructors
2021-08-10T04:36:56.085Z - warn: Rebuilding all pages as variables file was changed, or the --force-reload flag was set
2021-08-10T04:36:56.107Z - info: Rebuilding 1 pages
2021-08-10T04:36:56.464Z - info: Site data built
2021-08-10T04:36:56.465Z - info: Pages rebuilt
2021-08-10T04:36:56.465Z - info: Website regeneration complete! Total build time: 0.591s
2021-08-10T05:03:48.125Z - info: Building D:\Teaching\CS2113\_AY2122S1\AY2122S1-website\schedule\week2\index as some of its dependencies were changed since the last visit
2021-08-10T05:03:50.033Z - info: Site data built
2021-08-10T05:03:50.033Z - info: Lazy website regeneration complete! Total build time: 1.909s
2021-08-10T05:09:19.587Z - info: [1:09:19 pm] Reload for file change: D:\Teaching\CS2113\_AY2122S1\AY2122S1-website\admin\admin-tasks.mbdf
2021-08-10T05:09:19.588Z - info: Synchronizing opened pages list before reload
2021-08-10T05:09:19.589Z - info: Current opened pages, from most-to-least recent:
2021-08-10T05:09:19.589Z - info: 1. schedule/week2/index
2021-08-10T05:09:20.603Z - info: Rebuilding 1 pages
2021-08-10T05:09:22.422Z - info: Site data built
2021-08-10T05:09:22.422Z - info: Pages rebuilt
2021-08-10T05:09:22.423Z - info: Website regeneration complete! Total build time: 1.823s
2021-08-10T05:14:59.655Z - info: Building D:\Teaching\CS2113\_AY2122S1\AY2122S1-website\schedule\week2\admin as some of its dependencies were changed since the last visit
2021-08-10T05:15:00.093Z - error:  Error: No such segment '#ghclassroom' in file: D:\Teaching\CS2113\_AY2122S1\AY2122S1-website\admin\tools.md
Missing reference in D:\Teaching\CS2113\_AY2122S1\AY2122S1-website\admin\admin-tasks.mbdf
    at processInclude (C:\Users\dcsaksh\AppData\Roaming\npm\node_modules\markbind-cli\node_modules\@markbind\core\src\html\includePanelProcessor.js:225:23)
    at NodeProcessor.processNode (C:\Users\dcsaksh\AppData\Roaming\npm\node_modules\markbind-cli\node_modules\@markbind\core\src\html\NodeProcessor.js:147:16)
    at NodeProcessor._process (C:\Users\dcsaksh\AppData\Roaming\npm\node_modules\markbind-cli\node_modules\@markbind\core\src\html\NodeProcessor.js:289:20)
    at C:\Users\dcsaksh\AppData\Roaming\npm\node_modules\markbind-cli\node_modules\@markbind\core\src\html\NodeProcessor.js:294:14
    at Array.forEach (<anonymous>)
    at NodeProcessor._process (C:\Users\dcsaksh\AppData\Roaming\npm\node_modules\markbind-cli\node_modules\@markbind\core\src\html\NodeProcessor.js:293:21)
    at C:\Users\dcsaksh\AppData\Roaming\npm\node_modules\markbind-cli\node_modules\@markbind\core\src\html\NodeProcessor.js:294:14
    at Array.forEach (<anonymous>)
    at NodeProcessor._process (C:\Users\dcsaksh\AppData\Roaming\npm\node_modules\markbind-cli\node_modules\@markbind\core\src\html\NodeProcessor.js:293:21)
    at C:\Users\dcsaksh\AppData\Roaming\npm\node_modules\markbind-cli\node_modules\@markbind\core\src\html\NodeProcessor.js:294:14
    at Array.forEach (<anonymous>)
    at NodeProcessor._process (C:\Users\dcsaksh\AppData\Roaming\npm\node_modules\markbind-cli\node_modules\@markbind\core\src\html\NodeProcessor.js:293:21)
    at C:\Users\dcsaksh\AppData\Roaming\npm\node_modules\markbind-cli\node_modules\@markbind\core\src\html\NodeProcessor.js:294:14
    at Array.forEach (<anonymous>)
    at NodeProcessor._process (C:\Users\dcsaksh\AppData\Roaming\npm\node_modules\markbind-cli\node_modules\@markbind\core\src\html\NodeProcessor.js:293:21)
    at C:\Users\dcsaksh\AppData\Roaming\npm\node_modules\markbind-cli\node_modules\@markbind\core\src\html\NodeProcessor.js:294:14
2021-08-10T05:15:01.405Z - info: Site data built
2021-08-10T05:15:01.406Z - info: Lazy website regeneration complete! Total build time: 1.751s
2021-08-10T05:15:38.876Z - info: [1:15:38 pm] Reload for file change: D:\Teaching\CS2113\_AY2122S1\AY2122S1-website\admin\admin-tasks.mbdf
2021-08-10T05:15:38.877Z - info: Synchronizing opened pages list before reload
2021-08-10T05:15:38.878Z - info: Current opened pages, from most-to-least recent:
2021-08-10T05:15:38.878Z - info: 1. schedule/week2/admin
2021-08-10T05:15:39.901Z - info: Rebuilding 1 pages
2021-08-10T05:15:42.415Z - info: Site data built
2021-08-10T05:15:42.416Z - info: Pages rebuilt
2021-08-10T05:15:42.417Z - info: Website regeneration complete! Total build time: 2.518s
2021-08-10T05:16:00.035Z - info: [1:16:00 pm] Reload for file change: D:\Teaching\CS2113\_AY2122S1\AY2122S1-website\admin\admin-tasks.mbdf
2021-08-10T05:16:00.036Z - info: Synchronizing opened pages list before reload
2021-08-10T05:16:00.037Z - info: Current opened pages, from most-to-least recent:
2021-08-10T05:16:00.037Z - info: 1. schedule/week2/admin
2021-08-10T05:16:01.055Z - info: Rebuilding 1 pages
2021-08-10T05:16:02.765Z - info: Site data built
2021-08-10T05:16:02.766Z - info: Pages rebuilt
2021-08-10T05:16:02.766Z - info: Website regeneration complete! Total build time: 1.713s
2021-08-10T05:17:44.720Z - info: Building D:\Teaching\CS2113\_AY2122S1\AY2122S1-website\schedule\week3\index as some of its dependencies were changed since the last visit
2021-08-10T05:17:46.849Z - info: Site data built
2021-08-10T05:17:46.851Z - info: Lazy website regeneration complete! Total build time: 2.132s
2021-08-10T05:27:52.311Z - info: Building D:\Teaching\CS2113\_AY2122S1\AY2122S1-website\schedule\week3\admin as some of its dependencies were changed since the last visit
2021-08-10T05:27:54.273Z - info: Site data built
2021-08-10T05:27:54.274Z - info: Lazy website regeneration complete! Total build time: 1.964s
2021-08-10T05:28:25.150Z - info: [1:28:25 pm] Reload for file change: D:\Teaching\CS2113\_AY2122S1\AY2122S1-website\admin\admin-tasks.mbdf
2021-08-10T05:28:25.151Z - info: Synchronizing opened pages list before reload
2021-08-10T05:28:25.152Z - info: Current opened pages, from most-to-least recent:
2021-08-10T05:28:25.152Z - info: 1. schedule/week3/admin
2021-08-10T05:28:26.202Z - info: Rebuilding 1 pages
2021-08-10T05:28:27.691Z - info: Site data built
2021-08-10T05:28:27.693Z - info: Pages rebuilt
2021-08-10T05:28:27.693Z - info: Website regeneration complete! Total build time: 1.524s
2021-08-10T05:28:40.392Z - info: Building D:\Teaching\CS2113\_AY2122S1\AY2122S1-website\schedule\week3\index as some of its dependencies were changed since the last visit
2021-08-10T05:28:41.956Z - info: Site data built
2021-08-10T05:28:41.957Z - info: Lazy website regeneration complete! Total build time: 1.565s
2021-08-10T05:50:42.570Z - info: Building D:\Teaching\CS2113\_AY2122S1\AY2122S1-website\schedule\week4\index as some of its dependencies were changed since the last visit
2021-08-10T05:50:45.392Z - info: Site data built
2021-08-10T05:50:45.393Z - info: Lazy website regeneration complete! Total build time: 2.824s
2021-08-10T05:51:26.288Z - info: Building D:\Teaching\CS2113\_AY2122S1\AY2122S1-website\schedule\week4\admin as some of its dependencies were changed since the last visit
2021-08-10T05:51:27.171Z - info: Site data built
2021-08-10T05:51:27.172Z - info: Lazy website regeneration complete! Total build time: 0.884s
2021-08-10T05:51:44.037Z - info: Building D:\Teaching\CS2113\_AY2122S1\AY2122S1-website\schedule\week5\index as some of its dependencies were changed since the last visit
2021-08-10T05:51:45.871Z - info: Site data built
2021-08-10T05:51:45.872Z - info: Lazy website regeneration complete! Total build time: 1.834s
2021-08-10T05:51:46.677Z - info: Building D:\Teaching\CS2113\_AY2122S1\AY2122S1-website\schedule\week5\index as some of its dependencies were changed since the last visit
2021-08-10T05:51:47.791Z - info: Site data built
2021-08-10T05:51:47.792Z - info: Lazy website regeneration complete! Total build time: 1.115s
2021-08-10T05:52:00.106Z - info: Building D:\Teaching\CS2113\_AY2122S1\AY2122S1-website\schedule\week5\admin as some of its dependencies were changed since the last visit
2021-08-10T05:52:01.656Z - info: Site data built
2021-08-10T05:52:01.657Z - info: Lazy website regeneration complete! Total build time: 1.551s
2021-08-10T05:52:30.174Z - info: Building D:\Teaching\CS2113\_AY2122S1\AY2122S1-website\schedule\week6\index as some of its dependencies were changed since the last visit
2021-08-10T05:52:31.946Z - info: Site data built
2021-08-10T05:52:31.947Z - info: Lazy website regeneration complete! Total build time: 1.773s
2021-08-10T05:53:47.894Z - info: Building D:\Teaching\CS2113\_AY2122S1\AY2122S1-website\schedule\week6\admin as some of its dependencies were changed since the last visit
2021-08-10T05:53:49.066Z - info: Site data built
2021-08-10T05:53:49.067Z - info: Lazy website regeneration complete! Total build time: 1.173s
2021-08-10T05:54:42.898Z - info: [1:54:42 pm] Reload for file change: D:\Teaching\CS2113\_AY2122S1\AY2122S1-website\schedule\week7\notices-cs2113.mbdf
2021-08-10T05:54:42.898Z - info: Synchronizing opened pages list before reload
2021-08-10T05:54:42.899Z - info: Current opened pages, from most-to-least recent:
2021-08-10T05:54:42.899Z - info: 1. schedule/week6/admin
2021-08-10T05:54:44.020Z - info: Assets built
2021-08-10T05:56:52.958Z - info: Building D:\Teaching\CS2113\_AY2122S1\AY2122S1-website\schedule\week7\index as some of its dependencies were changed since the last visit
2021-08-10T05:56:55.040Z - info: Site data built
2021-08-10T05:56:55.041Z - info: Lazy website regeneration complete! Total build time: 2.084s
2021-08-10T07:48:05.280Z - info: Website generation started at 3:48:02 pm
2021-08-10T07:48:08.911Z - info: Building assets...
2021-08-10T07:48:12.518Z - info: Assets built
2021-08-10T07:48:12.518Z - info: Generating pages...
2021-08-10T07:48:25.042Z - debug:  
2021-08-10T07:48:25.042Z - debug:  
2021-08-10T07:48:25.043Z - debug:  
2021-08-10T07:48:25.044Z - debug:  
2021-08-10T07:48:25.044Z - debug:  
2021-08-10T07:48:27.286Z - debug:  
2021-08-10T07:50:42.199Z - error:  Error: No such segment '#ghclassroom' in file: D:\Teaching\CS2113\_AY2122S1\AY2122S1-website\admin\tools.md
Missing reference in D:\Teaching\CS2113\_AY2122S1\AY2122S1-website\admin\admin-tasks.mbdf
    at processInclude (C:\Users\dcsaksh\AppData\Roaming\npm\node_modules\markbind-cli\node_modules\@markbind\core\src\html\includePanelProcessor.js:225:23)
    at NodeProcessor.processNode (C:\Users\dcsaksh\AppData\Roaming\npm\node_modules\markbind-cli\node_modules\@markbind\core\src\html\NodeProcessor.js:147:16)
    at NodeProcessor._process (C:\Users\dcsaksh\AppData\Roaming\npm\node_modules\markbind-cli\node_modules\@markbind\core\src\html\NodeProcessor.js:289:20)
    at C:\Users\dcsaksh\AppData\Roaming\npm\node_modules\markbind-cli\node_modules\@markbind\core\src\html\NodeProcessor.js:294:14
    at Array.forEach (<anonymous>)
    at NodeProcessor._process (C:\Users\dcsaksh\AppData\Roaming\npm\node_modules\markbind-cli\node_modules\@markbind\core\src\html\NodeProcessor.js:293:21)
    at C:\Users\dcsaksh\AppData\Roaming\npm\node_modules\markbind-cli\node_modules\@markbind\core\src\html\NodeProcessor.js:294:14
    at Array.forEach (<anonymous>)
    at NodeProcessor._process (C:\Users\dcsaksh\AppData\Roaming\npm\node_modules\markbind-cli\node_modules\@markbind\core\src\html\NodeProcessor.js:293:21)
    at C:\Users\dcsaksh\AppData\Roaming\npm\node_modules\markbind-cli\node_modules\@markbind\core\src\html\NodeProcessor.js:294:14
    at Array.forEach (<anonymous>)
    at NodeProcessor._process (C:\Users\dcsaksh\AppData\Roaming\npm\node_modules\markbind-cli\node_modules\@markbind\core\src\html\NodeProcessor.js:293:21)
    at C:\Users\dcsaksh\AppData\Roaming\npm\node_modules\markbind-cli\node_modules\@markbind\core\src\html\NodeProcessor.js:294:14
    at Array.forEach (<anonymous>)
    at NodeProcessor._process (C:\Users\dcsaksh\AppData\Roaming\npm\node_modules\markbind-cli\node_modules\@markbind\core\src\html\NodeProcessor.js:293:21)
    at C:\Users\dcsaksh\AppData\Roaming\npm\node_modules\markbind-cli\node_modules\@markbind\core\src\html\NodeProcessor.js:294:14
2021-08-10T07:50:50.894Z - debug:  
2021-08-10T07:51:10.052Z - debug:  
2021-08-10T07:51:10.052Z - debug:  
2021-08-10T07:51:16.594Z - error:  Error: No such segment '#githubclassroom-registering' in file: D:\Teaching\CS2113\_AY2122S1\AY2122S1-website\admin\appendixE-gitHub.md
Missing reference in D:\Teaching\CS2113\_AY2122S1\AY2122S1-website\admin\githubClassroomInfo.md
    at processInclude (C:\Users\dcsaksh\AppData\Roaming\npm\node_modules\markbind-cli\node_modules\@markbind\core\src\html\includePanelProcessor.js:225:23)
    at NodeProcessor.processNode (C:\Users\dcsaksh\AppData\Roaming\npm\node_modules\markbind-cli\node_modules\@markbind\core\src\html\NodeProcessor.js:147:16)
    at NodeProcessor._process (C:\Users\dcsaksh\AppData\Roaming\npm\node_modules\markbind-cli\node_modules\@markbind\core\src\html\NodeProcessor.js:289:20)
    at C:\Users\dcsaksh\AppData\Roaming\npm\node_modules\markbind-cli\node_modules\@markbind\core\src\html\NodeProcessor.js:294:14
    at Array.forEach (<anonymous>)
    at NodeProcessor._process (C:\Users\dcsaksh\AppData\Roaming\npm\node_modules\markbind-cli\node_modules\@markbind\core\src\html\NodeProcessor.js:293:21)
    at C:\Users\dcsaksh\AppData\Roaming\npm\node_modules\markbind-cli\node_modules\@markbind\core\src\html\NodeProcessor.js:294:14
    at Array.forEach (<anonymous>)
    at NodeProcessor._process (C:\Users\dcsaksh\AppData\Roaming\npm\node_modules\markbind-cli\node_modules\@markbind\core\src\html\NodeProcessor.js:293:21)
    at C:\Users\dcsaksh\AppData\Roaming\npm\node_modules\markbind-cli\node_modules\@markbind\core\src\html\NodeProcessor.js:294:14
    at Array.forEach (<anonymous>)
    at NodeProcessor._process (C:\Users\dcsaksh\AppData\Roaming\npm\node_modules\markbind-cli\node_modules\@markbind\core\src\html\NodeProcessor.js:293:21)
    at C:\Users\dcsaksh\AppData\Roaming\npm\node_modules\markbind-cli\node_modules\@markbind\core\src\html\NodeProcessor.js:294:14
    at Array.forEach (<anonymous>)
    at NodeProcessor._process (C:\Users\dcsaksh\AppData\Roaming\npm\node_modules\markbind-cli\node_modules\@markbind\core\src\html\NodeProcessor.js:293:21)
    at C:\Users\dcsaksh\AppData\Roaming\npm\node_modules\markbind-cli\node_modules\@markbind\core\src\html\NodeProcessor.js:294:14
2021-08-10T07:51:16.614Z - error:  Error: No such segment '#githubclassroom-accepting-assignment' in file: D:\Teaching\CS2113\_AY2122S1\AY2122S1-website\admin\appendixE-gitHub.md
Missing reference in D:\Teaching\CS2113\_AY2122S1\AY2122S1-website\admin\githubClassroomInfo.md
    at processInclude (C:\Users\dcsaksh\AppData\Roaming\npm\node_modules\markbind-cli\node_modules\@markbind\core\src\html\includePanelProcessor.js:225:23)
    at NodeProcessor.processNode (C:\Users\dcsaksh\AppData\Roaming\npm\node_modules\markbind-cli\node_modules\@markbind\core\src\html\NodeProcessor.js:147:16)
    at NodeProcessor._process (C:\Users\dcsaksh\AppData\Roaming\npm\node_modules\markbind-cli\node_modules\@markbind\core\src\html\NodeProcessor.js:289:20)
    at C:\Users\dcsaksh\AppData\Roaming\npm\node_modules\markbind-cli\node_modules\@markbind\core\src\html\NodeProcessor.js:294:14
    at Array.forEach (<anonymous>)
    at NodeProcessor._process (C:\Users\dcsaksh\AppData\Roaming\npm\node_modules\markbind-cli\node_modules\@markbind\core\src\html\NodeProcessor.js:293:21)
    at C:\Users\dcsaksh\AppData\Roaming\npm\node_modules\markbind-cli\node_modules\@markbind\core\src\html\NodeProcessor.js:294:14
    at Array.forEach (<anonymous>)
    at NodeProcessor._process (C:\Users\dcsaksh\AppData\Roaming\npm\node_modules\markbind-cli\node_modules\@markbind\core\src\html\NodeProcessor.js:293:21)
    at C:\Users\dcsaksh\AppData\Roaming\npm\node_modules\markbind-cli\node_modules\@markbind\core\src\html\NodeProcessor.js:294:14
    at Array.forEach (<anonymous>)
    at NodeProcessor._process (C:\Users\dcsaksh\AppData\Roaming\npm\node_modules\markbind-cli\node_modules\@markbind\core\src\html\NodeProcessor.js:293:21)
    at C:\Users\dcsaksh\AppData\Roaming\npm\node_modules\markbind-cli\node_modules\@markbind\core\src\html\NodeProcessor.js:294:14
    at Array.forEach (<anonymous>)
    at NodeProcessor._process (C:\Users\dcsaksh\AppData\Roaming\npm\node_modules\markbind-cli\node_modules\@markbind\core\src\html\NodeProcessor.js:293:21)
    at C:\Users\dcsaksh\AppData\Roaming\npm\node_modules\markbind-cli\node_modules\@markbind\core\src\html\NodeProcessor.js:294:14
2021-08-10T07:51:16.628Z - error:  Error: No such segment '#githubclassroom-workingon-assignment' in file: D:\Teaching\CS2113\_AY2122S1\AY2122S1-website\admin\appendixE-gitHub.md
Missing reference in D:\Teaching\CS2113\_AY2122S1\AY2122S1-website\admin\githubClassroomInfo.md
    at processInclude (C:\Users\dcsaksh\AppData\Roaming\npm\node_modules\markbind-cli\node_modules\@markbind\core\src\html\includePanelProcessor.js:225:23)
    at NodeProcessor.processNode (C:\Users\dcsaksh\AppData\Roaming\npm\node_modules\markbind-cli\node_modules\@markbind\core\src\html\NodeProcessor.js:147:16)
    at NodeProcessor._process (C:\Users\dcsaksh\AppData\Roaming\npm\node_modules\markbind-cli\node_modules\@markbind\core\src\html\NodeProcessor.js:289:20)
    at C:\Users\dcsaksh\AppData\Roaming\npm\node_modules\markbind-cli\node_modules\@markbind\core\src\html\NodeProcessor.js:294:14
    at Array.forEach (<anonymous>)
    at NodeProcessor._process (C:\Users\dcsaksh\AppData\Roaming\npm\node_modules\markbind-cli\node_modules\@markbind\core\src\html\NodeProcessor.js:293:21)
    at C:\Users\dcsaksh\AppData\Roaming\npm\node_modules\markbind-cli\node_modules\@markbind\core\src\html\NodeProcessor.js:294:14
    at Array.forEach (<anonymous>)
    at NodeProcessor._process (C:\Users\dcsaksh\AppData\Roaming\npm\node_modules\markbind-cli\node_modules\@markbind\core\src\html\NodeProcessor.js:293:21)
    at C:\Users\dcsaksh\AppData\Roaming\npm\node_modules\markbind-cli\node_modules\@markbind\core\src\html\NodeProcessor.js:294:14
    at Array.forEach (<anonymous>)
    at NodeProcessor._process (C:\Users\dcsaksh\AppData\Roaming\npm\node_modules\markbind-cli\node_modules\@markbind\core\src\html\NodeProcessor.js:293:21)
    at C:\Users\dcsaksh\AppData\Roaming\npm\node_modules\markbind-cli\node_modules\@markbind\core\src\html\NodeProcessor.js:294:14
    at Array.forEach (<anonymous>)
    at NodeProcessor._process (C:\Users\dcsaksh\AppData\Roaming\npm\node_modules\markbind-cli\node_modules\@markbind\core\src\html\NodeProcessor.js:293:21)
    at C:\Users\dcsaksh\AppData\Roaming\npm\node_modules\markbind-cli\node_modules\@markbind\core\src\html\NodeProcessor.js:294:14
2021-08-10T07:51:17.201Z - info: Pages built
2021-08-10T07:51:18.323Z - info: Site data built
2021-08-10T07:51:18.323Z - info: Website generation complete! Total build time: 195.581s
2021-08-10T07:51:18.324Z - info: Build success!
2021-08-10T08:04:24.406Z - info: Website generation started at 4:04:05 pm
2021-08-10T08:04:33.106Z - info: Building assets...
2021-08-10T08:04:37.814Z - info: Assets built
2021-08-10T08:04:37.815Z - info: Generating pages...
2021-08-10T08:04:52.052Z - debug:  
2021-08-10T08:04:52.054Z - debug:  
2021-08-10T08:04:52.054Z - debug:  
2021-08-10T08:04:52.055Z - debug:  
2021-08-10T08:04:53.902Z - debug:  
2021-08-10T08:04:54.084Z - debug:  
2021-08-10T08:07:51.254Z - debug:  
2021-08-10T08:08:11.721Z - debug:  
2021-08-10T08:08:11.726Z - debug:  
2021-08-10T08:08:20.187Z - error:  Error: No such segment '#githubclassroom-registering' in file: D:\Teaching\CS2113\_AY2122S1\AY2122S1-website\admin\appendixE-gitHub.md
Missing reference in D:\Teaching\CS2113\_AY2122S1\AY2122S1-website\admin\githubClassroomInfo.md
    at processInclude (C:\Users\dcsaksh\AppData\Roaming\npm\node_modules\markbind-cli\node_modules\@markbind\core\src\html\includePanelProcessor.js:225:23)
    at NodeProcessor.processNode (C:\Users\dcsaksh\AppData\Roaming\npm\node_modules\markbind-cli\node_modules\@markbind\core\src\html\NodeProcessor.js:147:16)
    at NodeProcessor._process (C:\Users\dcsaksh\AppData\Roaming\npm\node_modules\markbind-cli\node_modules\@markbind\core\src\html\NodeProcessor.js:289:20)
    at C:\Users\dcsaksh\AppData\Roaming\npm\node_modules\markbind-cli\node_modules\@markbind\core\src\html\NodeProcessor.js:294:14
    at Array.forEach (<anonymous>)
    at NodeProcessor._process (C:\Users\dcsaksh\AppData\Roaming\npm\node_modules\markbind-cli\node_modules\@markbind\core\src\html\NodeProcessor.js:293:21)
    at C:\Users\dcsaksh\AppData\Roaming\npm\node_modules\markbind-cli\node_modules\@markbind\core\src\html\NodeProcessor.js:294:14
    at Array.forEach (<anonymous>)
    at NodeProcessor._process (C:\Users\dcsaksh\AppData\Roaming\npm\node_modules\markbind-cli\node_modules\@markbind\core\src\html\NodeProcessor.js:293:21)
    at C:\Users\dcsaksh\AppData\Roaming\npm\node_modules\markbind-cli\node_modules\@markbind\core\src\html\NodeProcessor.js:294:14
    at Array.forEach (<anonymous>)
    at NodeProcessor._process (C:\Users\dcsaksh\AppData\Roaming\npm\node_modules\markbind-cli\node_modules\@markbind\core\src\html\NodeProcessor.js:293:21)
    at C:\Users\dcsaksh\AppData\Roaming\npm\node_modules\markbind-cli\node_modules\@markbind\core\src\html\NodeProcessor.js:294:14
    at Array.forEach (<anonymous>)
    at NodeProcessor._process (C:\Users\dcsaksh\AppData\Roaming\npm\node_modules\markbind-cli\node_modules\@markbind\core\src\html\NodeProcessor.js:293:21)
    at C:\Users\dcsaksh\AppData\Roaming\npm\node_modules\markbind-cli\node_modules\@markbind\core\src\html\NodeProcessor.js:294:14
2021-08-10T08:08:20.206Z - error:  Error: No such segment '#githubclassroom-accepting-assignment' in file: D:\Teaching\CS2113\_AY2122S1\AY2122S1-website\admin\appendixE-gitHub.md
Missing reference in D:\Teaching\CS2113\_AY2122S1\AY2122S1-website\admin\githubClassroomInfo.md
    at processInclude (C:\Users\dcsaksh\AppData\Roaming\npm\node_modules\markbind-cli\node_modules\@markbind\core\src\html\includePanelProcessor.js:225:23)
    at NodeProcessor.processNode (C:\Users\dcsaksh\AppData\Roaming\npm\node_modules\markbind-cli\node_modules\@markbind\core\src\html\NodeProcessor.js:147:16)
    at NodeProcessor._process (C:\Users\dcsaksh\AppData\Roaming\npm\node_modules\markbind-cli\node_modules\@markbind\core\src\html\NodeProcessor.js:289:20)
    at C:\Users\dcsaksh\AppData\Roaming\npm\node_modules\markbind-cli\node_modules\@markbind\core\src\html\NodeProcessor.js:294:14
    at Array.forEach (<anonymous>)
    at NodeProcessor._process (C:\Users\dcsaksh\AppData\Roaming\npm\node_modules\markbind-cli\node_modules\@markbind\core\src\html\NodeProcessor.js:293:21)
    at C:\Users\dcsaksh\AppData\Roaming\npm\node_modules\markbind-cli\node_modules\@markbind\core\src\html\NodeProcessor.js:294:14
    at Array.forEach (<anonymous>)
    at NodeProcessor._process (C:\Users\dcsaksh\AppData\Roaming\npm\node_modules\markbind-cli\node_modules\@markbind\core\src\html\NodeProcessor.js:293:21)
    at C:\Users\dcsaksh\AppData\Roaming\npm\node_modules\markbind-cli\node_modules\@markbind\core\src\html\NodeProcessor.js:294:14
    at Array.forEach (<anonymous>)
    at NodeProcessor._process (C:\Users\dcsaksh\AppData\Roaming\npm\node_modules\markbind-cli\node_modules\@markbind\core\src\html\NodeProcessor.js:293:21)
    at C:\Users\dcsaksh\AppData\Roaming\npm\node_modules\markbind-cli\node_modules\@markbind\core\src\html\NodeProcessor.js:294:14
    at Array.forEach (<anonymous>)
    at NodeProcessor._process (C:\Users\dcsaksh\AppData\Roaming\npm\node_modules\markbind-cli\node_modules\@markbind\core\src\html\NodeProcessor.js:293:21)
    at C:\Users\dcsaksh\AppData\Roaming\npm\node_modules\markbind-cli\node_modules\@markbind\core\src\html\NodeProcessor.js:294:14
2021-08-10T08:08:20.226Z - error:  Error: No such segment '#githubclassroom-workingon-assignment' in file: D:\Teaching\CS2113\_AY2122S1\AY2122S1-website\admin\appendixE-gitHub.md
Missing reference in D:\Teaching\CS2113\_AY2122S1\AY2122S1-website\admin\githubClassroomInfo.md
    at processInclude (C:\Users\dcsaksh\AppData\Roaming\npm\node_modules\markbind-cli\node_modules\@markbind\core\src\html\includePanelProcessor.js:225:23)
    at NodeProcessor.processNode (C:\Users\dcsaksh\AppData\Roaming\npm\node_modules\markbind-cli\node_modules\@markbind\core\src\html\NodeProcessor.js:147:16)
    at NodeProcessor._process (C:\Users\dcsaksh\AppData\Roaming\npm\node_modules\markbind-cli\node_modules\@markbind\core\src\html\NodeProcessor.js:289:20)
    at C:\Users\dcsaksh\AppData\Roaming\npm\node_modules\markbind-cli\node_modules\@markbind\core\src\html\NodeProcessor.js:294:14
    at Array.forEach (<anonymous>)
    at NodeProcessor._process (C:\Users\dcsaksh\AppData\Roaming\npm\node_modules\markbind-cli\node_modules\@markbind\core\src\html\NodeProcessor.js:293:21)
    at C:\Users\dcsaksh\AppData\Roaming\npm\node_modules\markbind-cli\node_modules\@markbind\core\src\html\NodeProcessor.js:294:14
    at Array.forEach (<anonymous>)
    at NodeProcessor._process (C:\Users\dcsaksh\AppData\Roaming\npm\node_modules\markbind-cli\node_modules\@markbind\core\src\html\NodeProcessor.js:293:21)
    at C:\Users\dcsaksh\AppData\Roaming\npm\node_modules\markbind-cli\node_modules\@markbind\core\src\html\NodeProcessor.js:294:14
    at Array.forEach (<anonymous>)
    at NodeProcessor._process (C:\Users\dcsaksh\AppData\Roaming\npm\node_modules\markbind-cli\node_modules\@markbind\core\src\html\NodeProcessor.js:293:21)
    at C:\Users\dcsaksh\AppData\Roaming\npm\node_modules\markbind-cli\node_modules\@markbind\core\src\html\NodeProcessor.js:294:14
    at Array.forEach (<anonymous>)
    at NodeProcessor._process (C:\Users\dcsaksh\AppData\Roaming\npm\node_modules\markbind-cli\node_modules\@markbind\core\src\html\NodeProcessor.js:293:21)
    at C:\Users\dcsaksh\AppData\Roaming\npm\node_modules\markbind-cli\node_modules\@markbind\core\src\html\NodeProcessor.js:294:14
2021-08-10T08:08:20.851Z - info: Pages built
2021-08-10T08:08:22.043Z - info: Site data built
2021-08-10T08:08:22.044Z - info: Website generation complete! Total build time: 256.575s
2021-08-10T08:08:22.044Z - info: Build success!
2021-08-10T08:09:06.864Z - info: Deployed at https://nus-cs2113-ay2122s1.github.io/website!
2021-08-10T08:20:44.803Z - info: Website generation started at 4:20:35 pm
2021-08-10T08:20:49.274Z - info: Building assets...
2021-08-10T08:20:54.018Z - info: Assets built
2021-08-10T08:20:54.019Z - info: Generating pages...
2021-08-10T08:21:08.713Z - debug:  
2021-08-10T08:21:08.716Z - debug:  
2021-08-10T08:21:08.717Z - debug:  
2021-08-10T08:21:08.718Z - debug:  
2021-08-10T08:21:08.746Z - debug:  
2021-08-10T08:21:11.151Z - debug:  
2021-08-10T08:24:31.003Z - debug:  
2021-08-10T08:24:59.231Z - debug:  
2021-08-10T08:24:59.233Z - debug:  
2021-08-10T08:25:05.877Z - error:  Error: No such segment '#githubclassroom-registering' in file: D:\Teaching\CS2113\_AY2122S1\AY2122S1-website\admin\appendixE-gitHub.md
Missing reference in D:\Teaching\CS2113\_AY2122S1\AY2122S1-website\admin\githubClassroomInfo.md
    at processInclude (C:\Users\dcsaksh\AppData\Roaming\npm\node_modules\markbind-cli\node_modules\@markbind\core\src\html\includePanelProcessor.js:225:23)
    at NodeProcessor.processNode (C:\Users\dcsaksh\AppData\Roaming\npm\node_modules\markbind-cli\node_modules\@markbind\core\src\html\NodeProcessor.js:147:16)
    at NodeProcessor._process (C:\Users\dcsaksh\AppData\Roaming\npm\node_modules\markbind-cli\node_modules\@markbind\core\src\html\NodeProcessor.js:289:20)
    at C:\Users\dcsaksh\AppData\Roaming\npm\node_modules\markbind-cli\node_modules\@markbind\core\src\html\NodeProcessor.js:294:14
    at Array.forEach (<anonymous>)
    at NodeProcessor._process (C:\Users\dcsaksh\AppData\Roaming\npm\node_modules\markbind-cli\node_modules\@markbind\core\src\html\NodeProcessor.js:293:21)
    at C:\Users\dcsaksh\AppData\Roaming\npm\node_modules\markbind-cli\node_modules\@markbind\core\src\html\NodeProcessor.js:294:14
    at Array.forEach (<anonymous>)
    at NodeProcessor._process (C:\Users\dcsaksh\AppData\Roaming\npm\node_modules\markbind-cli\node_modules\@markbind\core\src\html\NodeProcessor.js:293:21)
    at C:\Users\dcsaksh\AppData\Roaming\npm\node_modules\markbind-cli\node_modules\@markbind\core\src\html\NodeProcessor.js:294:14
    at Array.forEach (<anonymous>)
    at NodeProcessor._process (C:\Users\dcsaksh\AppData\Roaming\npm\node_modules\markbind-cli\node_modules\@markbind\core\src\html\NodeProcessor.js:293:21)
    at C:\Users\dcsaksh\AppData\Roaming\npm\node_modules\markbind-cli\node_modules\@markbind\core\src\html\NodeProcessor.js:294:14
    at Array.forEach (<anonymous>)
    at NodeProcessor._process (C:\Users\dcsaksh\AppData\Roaming\npm\node_modules\markbind-cli\node_modules\@markbind\core\src\html\NodeProcessor.js:293:21)
    at C:\Users\dcsaksh\AppData\Roaming\npm\node_modules\markbind-cli\node_modules\@markbind\core\src\html\NodeProcessor.js:294:14
2021-08-10T08:25:05.901Z - error:  Error: No such segment '#githubclassroom-accepting-assignment' in file: D:\Teaching\CS2113\_AY2122S1\AY2122S1-website\admin\appendixE-gitHub.md
Missing reference in D:\Teaching\CS2113\_AY2122S1\AY2122S1-website\admin\githubClassroomInfo.md
    at processInclude (C:\Users\dcsaksh\AppData\Roaming\npm\node_modules\markbind-cli\node_modules\@markbind\core\src\html\includePanelProcessor.js:225:23)
    at NodeProcessor.processNode (C:\Users\dcsaksh\AppData\Roaming\npm\node_modules\markbind-cli\node_modules\@markbind\core\src\html\NodeProcessor.js:147:16)
    at NodeProcessor._process (C:\Users\dcsaksh\AppData\Roaming\npm\node_modules\markbind-cli\node_modules\@markbind\core\src\html\NodeProcessor.js:289:20)
    at C:\Users\dcsaksh\AppData\Roaming\npm\node_modules\markbind-cli\node_modules\@markbind\core\src\html\NodeProcessor.js:294:14
    at Array.forEach (<anonymous>)
    at NodeProcessor._process (C:\Users\dcsaksh\AppData\Roaming\npm\node_modules\markbind-cli\node_modules\@markbind\core\src\html\NodeProcessor.js:293:21)
    at C:\Users\dcsaksh\AppData\Roaming\npm\node_modules\markbind-cli\node_modules\@markbind\core\src\html\NodeProcessor.js:294:14
    at Array.forEach (<anonymous>)
    at NodeProcessor._process (C:\Users\dcsaksh\AppData\Roaming\npm\node_modules\markbind-cli\node_modules\@markbind\core\src\html\NodeProcessor.js:293:21)
    at C:\Users\dcsaksh\AppData\Roaming\npm\node_modules\markbind-cli\node_modules\@markbind\core\src\html\NodeProcessor.js:294:14
    at Array.forEach (<anonymous>)
    at NodeProcessor._process (C:\Users\dcsaksh\AppData\Roaming\npm\node_modules\markbind-cli\node_modules\@markbind\core\src\html\NodeProcessor.js:293:21)
    at C:\Users\dcsaksh\AppData\Roaming\npm\node_modules\markbind-cli\node_modules\@markbind\core\src\html\NodeProcessor.js:294:14
    at Array.forEach (<anonymous>)
    at NodeProcessor._process (C:\Users\dcsaksh\AppData\Roaming\npm\node_modules\markbind-cli\node_modules\@markbind\core\src\html\NodeProcessor.js:293:21)
    at C:\Users\dcsaksh\AppData\Roaming\npm\node_modules\markbind-cli\node_modules\@markbind\core\src\html\NodeProcessor.js:294:14
2021-08-10T08:25:05.923Z - error:  Error: No such segment '#githubclassroom-workingon-assignment' in file: D:\Teaching\CS2113\_AY2122S1\AY2122S1-website\admin\appendixE-gitHub.md
Missing reference in D:\Teaching\CS2113\_AY2122S1\AY2122S1-website\admin\githubClassroomInfo.md
    at processInclude (C:\Users\dcsaksh\AppData\Roaming\npm\node_modules\markbind-cli\node_modules\@markbind\core\src\html\includePanelProcessor.js:225:23)
    at NodeProcessor.processNode (C:\Users\dcsaksh\AppData\Roaming\npm\node_modules\markbind-cli\node_modules\@markbind\core\src\html\NodeProcessor.js:147:16)
    at NodeProcessor._process (C:\Users\dcsaksh\AppData\Roaming\npm\node_modules\markbind-cli\node_modules\@markbind\core\src\html\NodeProcessor.js:289:20)
    at C:\Users\dcsaksh\AppData\Roaming\npm\node_modules\markbind-cli\node_modules\@markbind\core\src\html\NodeProcessor.js:294:14
    at Array.forEach (<anonymous>)
    at NodeProcessor._process (C:\Users\dcsaksh\AppData\Roaming\npm\node_modules\markbind-cli\node_modules\@markbind\core\src\html\NodeProcessor.js:293:21)
    at C:\Users\dcsaksh\AppData\Roaming\npm\node_modules\markbind-cli\node_modules\@markbind\core\src\html\NodeProcessor.js:294:14
    at Array.forEach (<anonymous>)
    at NodeProcessor._process (C:\Users\dcsaksh\AppData\Roaming\npm\node_modules\markbind-cli\node_modules\@markbind\core\src\html\NodeProcessor.js:293:21)
    at C:\Users\dcsaksh\AppData\Roaming\npm\node_modules\markbind-cli\node_modules\@markbind\core\src\html\NodeProcessor.js:294:14
    at Array.forEach (<anonymous>)
    at NodeProcessor._process (C:\Users\dcsaksh\AppData\Roaming\npm\node_modules\markbind-cli\node_modules\@markbind\core\src\html\NodeProcessor.js:293:21)
    at C:\Users\dcsaksh\AppData\Roaming\npm\node_modules\markbind-cli\node_modules\@markbind\core\src\html\NodeProcessor.js:294:14
    at Array.forEach (<anonymous>)
    at NodeProcessor._process (C:\Users\dcsaksh\AppData\Roaming\npm\node_modules\markbind-cli\node_modules\@markbind\core\src\html\NodeProcessor.js:293:21)
    at C:\Users\dcsaksh\AppData\Roaming\npm\node_modules\markbind-cli\node_modules\@markbind\core\src\html\NodeProcessor.js:294:14
2021-08-10T08:25:06.568Z - info: Pages built
2021-08-10T08:25:07.799Z - info: Site data built
2021-08-10T08:25:07.800Z - info: Website generation complete! Total build time: 272.36s
2021-08-10T08:25:07.800Z - info: Build success!
2021-08-10T12:36:47.155Z - info: Website generation started at 8:36:38 pm
2021-08-10T12:36:51.723Z - info: Building assets...
2021-08-10T12:36:58.552Z - info: Assets built
2021-08-10T12:36:58.555Z - info: Generating pages...
2021-08-10T12:37:38.073Z - debug:  
2021-08-10T12:37:38.074Z - debug:  
2021-08-10T12:37:38.077Z - debug:  
2021-08-10T12:37:38.078Z - debug:  
2021-08-10T12:37:38.078Z - debug:  
2021-08-10T12:37:41.112Z - debug:  
2021-08-10T12:40:35.282Z - debug:  
2021-08-10T12:40:59.533Z - debug:  
2021-08-10T12:40:59.534Z - debug:  
2021-08-10T12:41:06.468Z - error:  Error: No such segment '#githubclassroom-registering' in file: D:\Teaching\CS2113\_AY2122S1\AY2122S1-website\admin\appendixE-gitHub.md
Missing reference in D:\Teaching\CS2113\_AY2122S1\AY2122S1-website\admin\githubClassroomInfo.md
    at processInclude (C:\Users\dcsaksh\AppData\Roaming\npm\node_modules\markbind-cli\node_modules\@markbind\core\src\html\includePanelProcessor.js:225:23)
    at NodeProcessor.processNode (C:\Users\dcsaksh\AppData\Roaming\npm\node_modules\markbind-cli\node_modules\@markbind\core\src\html\NodeProcessor.js:147:16)
    at NodeProcessor._process (C:\Users\dcsaksh\AppData\Roaming\npm\node_modules\markbind-cli\node_modules\@markbind\core\src\html\NodeProcessor.js:289:20)
    at C:\Users\dcsaksh\AppData\Roaming\npm\node_modules\markbind-cli\node_modules\@markbind\core\src\html\NodeProcessor.js:294:14
    at Array.forEach (<anonymous>)
    at NodeProcessor._process (C:\Users\dcsaksh\AppData\Roaming\npm\node_modules\markbind-cli\node_modules\@markbind\core\src\html\NodeProcessor.js:293:21)
    at C:\Users\dcsaksh\AppData\Roaming\npm\node_modules\markbind-cli\node_modules\@markbind\core\src\html\NodeProcessor.js:294:14
    at Array.forEach (<anonymous>)
    at NodeProcessor._process (C:\Users\dcsaksh\AppData\Roaming\npm\node_modules\markbind-cli\node_modules\@markbind\core\src\html\NodeProcessor.js:293:21)
    at C:\Users\dcsaksh\AppData\Roaming\npm\node_modules\markbind-cli\node_modules\@markbind\core\src\html\NodeProcessor.js:294:14
    at Array.forEach (<anonymous>)
    at NodeProcessor._process (C:\Users\dcsaksh\AppData\Roaming\npm\node_modules\markbind-cli\node_modules\@markbind\core\src\html\NodeProcessor.js:293:21)
    at C:\Users\dcsaksh\AppData\Roaming\npm\node_modules\markbind-cli\node_modules\@markbind\core\src\html\NodeProcessor.js:294:14
    at Array.forEach (<anonymous>)
    at NodeProcessor._process (C:\Users\dcsaksh\AppData\Roaming\npm\node_modules\markbind-cli\node_modules\@markbind\core\src\html\NodeProcessor.js:293:21)
    at C:\Users\dcsaksh\AppData\Roaming\npm\node_modules\markbind-cli\node_modules\@markbind\core\src\html\NodeProcessor.js:294:14
2021-08-10T12:41:06.517Z - error:  Error: No such segment '#githubclassroom-accepting-assignment' in file: D:\Teaching\CS2113\_AY2122S1\AY2122S1-website\admin\appendixE-gitHub.md
Missing reference in D:\Teaching\CS2113\_AY2122S1\AY2122S1-website\admin\githubClassroomInfo.md
    at processInclude (C:\Users\dcsaksh\AppData\Roaming\npm\node_modules\markbind-cli\node_modules\@markbind\core\src\html\includePanelProcessor.js:225:23)
    at NodeProcessor.processNode (C:\Users\dcsaksh\AppData\Roaming\npm\node_modules\markbind-cli\node_modules\@markbind\core\src\html\NodeProcessor.js:147:16)
    at NodeProcessor._process (C:\Users\dcsaksh\AppData\Roaming\npm\node_modules\markbind-cli\node_modules\@markbind\core\src\html\NodeProcessor.js:289:20)
    at C:\Users\dcsaksh\AppData\Roaming\npm\node_modules\markbind-cli\node_modules\@markbind\core\src\html\NodeProcessor.js:294:14
    at Array.forEach (<anonymous>)
    at NodeProcessor._process (C:\Users\dcsaksh\AppData\Roaming\npm\node_modules\markbind-cli\node_modules\@markbind\core\src\html\NodeProcessor.js:293:21)
    at C:\Users\dcsaksh\AppData\Roaming\npm\node_modules\markbind-cli\node_modules\@markbind\core\src\html\NodeProcessor.js:294:14
    at Array.forEach (<anonymous>)
    at NodeProcessor._process (C:\Users\dcsaksh\AppData\Roaming\npm\node_modules\markbind-cli\node_modules\@markbind\core\src\html\NodeProcessor.js:293:21)
    at C:\Users\dcsaksh\AppData\Roaming\npm\node_modules\markbind-cli\node_modules\@markbind\core\src\html\NodeProcessor.js:294:14
    at Array.forEach (<anonymous>)
    at NodeProcessor._process (C:\Users\dcsaksh\AppData\Roaming\npm\node_modules\markbind-cli\node_modules\@markbind\core\src\html\NodeProcessor.js:293:21)
    at C:\Users\dcsaksh\AppData\Roaming\npm\node_modules\markbind-cli\node_modules\@markbind\core\src\html\NodeProcessor.js:294:14
    at Array.forEach (<anonymous>)
    at NodeProcessor._process (C:\Users\dcsaksh\AppData\Roaming\npm\node_modules\markbind-cli\node_modules\@markbind\core\src\html\NodeProcessor.js:293:21)
    at C:\Users\dcsaksh\AppData\Roaming\npm\node_modules\markbind-cli\node_modules\@markbind\core\src\html\NodeProcessor.js:294:14
2021-08-10T12:41:06.548Z - error:  Error: No such segment '#githubclassroom-workingon-assignment' in file: D:\Teaching\CS2113\_AY2122S1\AY2122S1-website\admin\appendixE-gitHub.md
Missing reference in D:\Teaching\CS2113\_AY2122S1\AY2122S1-website\admin\githubClassroomInfo.md
    at processInclude (C:\Users\dcsaksh\AppData\Roaming\npm\node_modules\markbind-cli\node_modules\@markbind\core\src\html\includePanelProcessor.js:225:23)
    at NodeProcessor.processNode (C:\Users\dcsaksh\AppData\Roaming\npm\node_modules\markbind-cli\node_modules\@markbind\core\src\html\NodeProcessor.js:147:16)
    at NodeProcessor._process (C:\Users\dcsaksh\AppData\Roaming\npm\node_modules\markbind-cli\node_modules\@markbind\core\src\html\NodeProcessor.js:289:20)
    at C:\Users\dcsaksh\AppData\Roaming\npm\node_modules\markbind-cli\node_modules\@markbind\core\src\html\NodeProcessor.js:294:14
    at Array.forEach (<anonymous>)
    at NodeProcessor._process (C:\Users\dcsaksh\AppData\Roaming\npm\node_modules\markbind-cli\node_modules\@markbind\core\src\html\NodeProcessor.js:293:21)
    at C:\Users\dcsaksh\AppData\Roaming\npm\node_modules\markbind-cli\node_modules\@markbind\core\src\html\NodeProcessor.js:294:14
    at Array.forEach (<anonymous>)
    at NodeProcessor._process (C:\Users\dcsaksh\AppData\Roaming\npm\node_modules\markbind-cli\node_modules\@markbind\core\src\html\NodeProcessor.js:293:21)
    at C:\Users\dcsaksh\AppData\Roaming\npm\node_modules\markbind-cli\node_modules\@markbind\core\src\html\NodeProcessor.js:294:14
    at Array.forEach (<anonymous>)
    at NodeProcessor._process (C:\Users\dcsaksh\AppData\Roaming\npm\node_modules\markbind-cli\node_modules\@markbind\core\src\html\NodeProcessor.js:293:21)
    at C:\Users\dcsaksh\AppData\Roaming\npm\node_modules\markbind-cli\node_modules\@markbind\core\src\html\NodeProcessor.js:294:14
    at Array.forEach (<anonymous>)
    at NodeProcessor._process (C:\Users\dcsaksh\AppData\Roaming\npm\node_modules\markbind-cli\node_modules\@markbind\core\src\html\NodeProcessor.js:293:21)
    at C:\Users\dcsaksh\AppData\Roaming\npm\node_modules\markbind-cli\node_modules\@markbind\core\src\html\NodeProcessor.js:294:14
2021-08-10T12:41:07.811Z - info: Pages built
2021-08-10T12:41:10.159Z - info: Site data built
2021-08-10T12:41:10.160Z - info: Website generation complete! Total build time: 271.166s
2021-08-10T12:41:10.161Z - info: Build success!
2021-08-10T12:44:56.611Z - info: Website generation started at 8:44:36 pm
2021-08-10T12:45:02.288Z - info: Building assets...
2021-08-10T12:45:07.246Z - info: Assets built
2021-08-10T12:45:07.247Z - info: Generating pages...
2021-08-10T12:45:31.174Z - debug:  
2021-08-10T12:45:31.174Z - debug:  
2021-08-10T12:45:31.236Z - debug:  
2021-08-10T12:45:31.237Z - debug:  
2021-08-10T12:45:31.237Z - debug:  
2021-08-10T12:45:31.294Z - debug:  
2021-08-10T12:48:32.372Z - debug:  
2021-08-10T12:49:12.322Z - debug:  
2021-08-10T12:49:12.324Z - debug:  
2021-08-10T12:49:24.763Z - error:  Error: No such segment '#githubclassroom-registering' in file: D:\Teaching\CS2113\_AY2122S1\AY2122S1-website\admin\appendixE-gitHub.md
Missing reference in D:\Teaching\CS2113\_AY2122S1\AY2122S1-website\admin\githubClassroomInfo.md
    at processInclude (C:\Users\dcsaksh\AppData\Roaming\npm\node_modules\markbind-cli\node_modules\@markbind\core\src\html\includePanelProcessor.js:225:23)
    at NodeProcessor.processNode (C:\Users\dcsaksh\AppData\Roaming\npm\node_modules\markbind-cli\node_modules\@markbind\core\src\html\NodeProcessor.js:147:16)
    at NodeProcessor._process (C:\Users\dcsaksh\AppData\Roaming\npm\node_modules\markbind-cli\node_modules\@markbind\core\src\html\NodeProcessor.js:289:20)
    at C:\Users\dcsaksh\AppData\Roaming\npm\node_modules\markbind-cli\node_modules\@markbind\core\src\html\NodeProcessor.js:294:14
    at Array.forEach (<anonymous>)
    at NodeProcessor._process (C:\Users\dcsaksh\AppData\Roaming\npm\node_modules\markbind-cli\node_modules\@markbind\core\src\html\NodeProcessor.js:293:21)
    at C:\Users\dcsaksh\AppData\Roaming\npm\node_modules\markbind-cli\node_modules\@markbind\core\src\html\NodeProcessor.js:294:14
    at Array.forEach (<anonymous>)
    at NodeProcessor._process (C:\Users\dcsaksh\AppData\Roaming\npm\node_modules\markbind-cli\node_modules\@markbind\core\src\html\NodeProcessor.js:293:21)
    at C:\Users\dcsaksh\AppData\Roaming\npm\node_modules\markbind-cli\node_modules\@markbind\core\src\html\NodeProcessor.js:294:14
    at Array.forEach (<anonymous>)
    at NodeProcessor._process (C:\Users\dcsaksh\AppData\Roaming\npm\node_modules\markbind-cli\node_modules\@markbind\core\src\html\NodeProcessor.js:293:21)
    at C:\Users\dcsaksh\AppData\Roaming\npm\node_modules\markbind-cli\node_modules\@markbind\core\src\html\NodeProcessor.js:294:14
    at Array.forEach (<anonymous>)
    at NodeProcessor._process (C:\Users\dcsaksh\AppData\Roaming\npm\node_modules\markbind-cli\node_modules\@markbind\core\src\html\NodeProcessor.js:293:21)
    at C:\Users\dcsaksh\AppData\Roaming\npm\node_modules\markbind-cli\node_modules\@markbind\core\src\html\NodeProcessor.js:294:14
2021-08-10T12:49:24.854Z - error:  Error: No such segment '#githubclassroom-accepting-assignment' in file: D:\Teaching\CS2113\_AY2122S1\AY2122S1-website\admin\appendixE-gitHub.md
Missing reference in D:\Teaching\CS2113\_AY2122S1\AY2122S1-website\admin\githubClassroomInfo.md
    at processInclude (C:\Users\dcsaksh\AppData\Roaming\npm\node_modules\markbind-cli\node_modules\@markbind\core\src\html\includePanelProcessor.js:225:23)
    at NodeProcessor.processNode (C:\Users\dcsaksh\AppData\Roaming\npm\node_modules\markbind-cli\node_modules\@markbind\core\src\html\NodeProcessor.js:147:16)
    at NodeProcessor._process (C:\Users\dcsaksh\AppData\Roaming\npm\node_modules\markbind-cli\node_modules\@markbind\core\src\html\NodeProcessor.js:289:20)
    at C:\Users\dcsaksh\AppData\Roaming\npm\node_modules\markbind-cli\node_modules\@markbind\core\src\html\NodeProcessor.js:294:14
    at Array.forEach (<anonymous>)
    at NodeProcessor._process (C:\Users\dcsaksh\AppData\Roaming\npm\node_modules\markbind-cli\node_modules\@markbind\core\src\html\NodeProcessor.js:293:21)
    at C:\Users\dcsaksh\AppData\Roaming\npm\node_modules\markbind-cli\node_modules\@markbind\core\src\html\NodeProcessor.js:294:14
    at Array.forEach (<anonymous>)
    at NodeProcessor._process (C:\Users\dcsaksh\AppData\Roaming\npm\node_modules\markbind-cli\node_modules\@markbind\core\src\html\NodeProcessor.js:293:21)
    at C:\Users\dcsaksh\AppData\Roaming\npm\node_modules\markbind-cli\node_modules\@markbind\core\src\html\NodeProcessor.js:294:14
    at Array.forEach (<anonymous>)
    at NodeProcessor._process (C:\Users\dcsaksh\AppData\Roaming\npm\node_modules\markbind-cli\node_modules\@markbind\core\src\html\NodeProcessor.js:293:21)
    at C:\Users\dcsaksh\AppData\Roaming\npm\node_modules\markbind-cli\node_modules\@markbind\core\src\html\NodeProcessor.js:294:14
    at Array.forEach (<anonymous>)
    at NodeProcessor._process (C:\Users\dcsaksh\AppData\Roaming\npm\node_modules\markbind-cli\node_modules\@markbind\core\src\html\NodeProcessor.js:293:21)
    at C:\Users\dcsaksh\AppData\Roaming\npm\node_modules\markbind-cli\node_modules\@markbind\core\src\html\NodeProcessor.js:294:14
2021-08-10T12:49:24.898Z - error:  Error: No such segment '#githubclassroom-workingon-assignment' in file: D:\Teaching\CS2113\_AY2122S1\AY2122S1-website\admin\appendixE-gitHub.md
Missing reference in D:\Teaching\CS2113\_AY2122S1\AY2122S1-website\admin\githubClassroomInfo.md
    at processInclude (C:\Users\dcsaksh\AppData\Roaming\npm\node_modules\markbind-cli\node_modules\@markbind\core\src\html\includePanelProcessor.js:225:23)
    at NodeProcessor.processNode (C:\Users\dcsaksh\AppData\Roaming\npm\node_modules\markbind-cli\node_modules\@markbind\core\src\html\NodeProcessor.js:147:16)
    at NodeProcessor._process (C:\Users\dcsaksh\AppData\Roaming\npm\node_modules\markbind-cli\node_modules\@markbind\core\src\html\NodeProcessor.js:289:20)
    at C:\Users\dcsaksh\AppData\Roaming\npm\node_modules\markbind-cli\node_modules\@markbind\core\src\html\NodeProcessor.js:294:14
    at Array.forEach (<anonymous>)
    at NodeProcessor._process (C:\Users\dcsaksh\AppData\Roaming\npm\node_modules\markbind-cli\node_modules\@markbind\core\src\html\NodeProcessor.js:293:21)
    at C:\Users\dcsaksh\AppData\Roaming\npm\node_modules\markbind-cli\node_modules\@markbind\core\src\html\NodeProcessor.js:294:14
    at Array.forEach (<anonymous>)
    at NodeProcessor._process (C:\Users\dcsaksh\AppData\Roaming\npm\node_modules\markbind-cli\node_modules\@markbind\core\src\html\NodeProcessor.js:293:21)
    at C:\Users\dcsaksh\AppData\Roaming\npm\node_modules\markbind-cli\node_modules\@markbind\core\src\html\NodeProcessor.js:294:14
    at Array.forEach (<anonymous>)
    at NodeProcessor._process (C:\Users\dcsaksh\AppData\Roaming\npm\node_modules\markbind-cli\node_modules\@markbind\core\src\html\NodeProcessor.js:293:21)
    at C:\Users\dcsaksh\AppData\Roaming\npm\node_modules\markbind-cli\node_modules\@markbind\core\src\html\NodeProcessor.js:294:14
    at Array.forEach (<anonymous>)
    at NodeProcessor._process (C:\Users\dcsaksh\AppData\Roaming\npm\node_modules\markbind-cli\node_modules\@markbind\core\src\html\NodeProcessor.js:293:21)
    at C:\Users\dcsaksh\AppData\Roaming\npm\node_modules\markbind-cli\node_modules\@markbind\core\src\html\NodeProcessor.js:294:14
2021-08-10T12:49:26.082Z - info: Pages built
2021-08-10T12:49:27.876Z - info: Site data built
2021-08-10T12:49:27.878Z - info: Website generation complete! Total build time: 291.104s
2021-08-10T12:49:27.878Z - info: Build success!
2021-08-10T13:10:31.606Z - info: Website generation started at 9:10:25 pm
2021-08-10T13:10:37.428Z - info: Building assets...
2021-08-10T13:10:42.093Z - info: Assets built
2021-08-10T13:10:42.094Z - info: Generating pages...
2021-08-10T13:10:58.356Z - debug:  
2021-08-10T13:10:58.356Z - debug:  
2021-08-10T13:10:58.357Z - debug:  
2021-08-10T13:10:58.357Z - debug:  
2021-08-10T13:10:58.357Z - debug:  
2021-08-10T13:10:58.431Z - debug:  
2021-08-10T13:13:51.352Z - debug:  
2021-08-10T13:14:10.558Z - debug:  
2021-08-10T13:14:10.560Z - debug:  
2021-08-10T13:14:16.663Z - error:  Error: No such segment '#githubclassroom-registering' in file: D:\Teaching\CS2113\_AY2122S1\AY2122S1-website\admin\appendixE-gitHub.md
Missing reference in D:\Teaching\CS2113\_AY2122S1\AY2122S1-website\admin\githubClassroomInfo.md
    at processInclude (C:\Users\dcsaksh\AppData\Roaming\npm\node_modules\markbind-cli\node_modules\@markbind\core\src\html\includePanelProcessor.js:225:23)
    at NodeProcessor.processNode (C:\Users\dcsaksh\AppData\Roaming\npm\node_modules\markbind-cli\node_modules\@markbind\core\src\html\NodeProcessor.js:147:16)
    at NodeProcessor._process (C:\Users\dcsaksh\AppData\Roaming\npm\node_modules\markbind-cli\node_modules\@markbind\core\src\html\NodeProcessor.js:289:20)
    at C:\Users\dcsaksh\AppData\Roaming\npm\node_modules\markbind-cli\node_modules\@markbind\core\src\html\NodeProcessor.js:294:14
    at Array.forEach (<anonymous>)
    at NodeProcessor._process (C:\Users\dcsaksh\AppData\Roaming\npm\node_modules\markbind-cli\node_modules\@markbind\core\src\html\NodeProcessor.js:293:21)
    at C:\Users\dcsaksh\AppData\Roaming\npm\node_modules\markbind-cli\node_modules\@markbind\core\src\html\NodeProcessor.js:294:14
    at Array.forEach (<anonymous>)
    at NodeProcessor._process (C:\Users\dcsaksh\AppData\Roaming\npm\node_modules\markbind-cli\node_modules\@markbind\core\src\html\NodeProcessor.js:293:21)
    at C:\Users\dcsaksh\AppData\Roaming\npm\node_modules\markbind-cli\node_modules\@markbind\core\src\html\NodeProcessor.js:294:14
    at Array.forEach (<anonymous>)
    at NodeProcessor._process (C:\Users\dcsaksh\AppData\Roaming\npm\node_modules\markbind-cli\node_modules\@markbind\core\src\html\NodeProcessor.js:293:21)
    at C:\Users\dcsaksh\AppData\Roaming\npm\node_modules\markbind-cli\node_modules\@markbind\core\src\html\NodeProcessor.js:294:14
    at Array.forEach (<anonymous>)
    at NodeProcessor._process (C:\Users\dcsaksh\AppData\Roaming\npm\node_modules\markbind-cli\node_modules\@markbind\core\src\html\NodeProcessor.js:293:21)
    at C:\Users\dcsaksh\AppData\Roaming\npm\node_modules\markbind-cli\node_modules\@markbind\core\src\html\NodeProcessor.js:294:14
2021-08-10T13:14:16.680Z - error:  Error: No such segment '#githubclassroom-accepting-assignment' in file: D:\Teaching\CS2113\_AY2122S1\AY2122S1-website\admin\appendixE-gitHub.md
Missing reference in D:\Teaching\CS2113\_AY2122S1\AY2122S1-website\admin\githubClassroomInfo.md
    at processInclude (C:\Users\dcsaksh\AppData\Roaming\npm\node_modules\markbind-cli\node_modules\@markbind\core\src\html\includePanelProcessor.js:225:23)
    at NodeProcessor.processNode (C:\Users\dcsaksh\AppData\Roaming\npm\node_modules\markbind-cli\node_modules\@markbind\core\src\html\NodeProcessor.js:147:16)
    at NodeProcessor._process (C:\Users\dcsaksh\AppData\Roaming\npm\node_modules\markbind-cli\node_modules\@markbind\core\src\html\NodeProcessor.js:289:20)
    at C:\Users\dcsaksh\AppData\Roaming\npm\node_modules\markbind-cli\node_modules\@markbind\core\src\html\NodeProcessor.js:294:14
    at Array.forEach (<anonymous>)
    at NodeProcessor._process (C:\Users\dcsaksh\AppData\Roaming\npm\node_modules\markbind-cli\node_modules\@markbind\core\src\html\NodeProcessor.js:293:21)
    at C:\Users\dcsaksh\AppData\Roaming\npm\node_modules\markbind-cli\node_modules\@markbind\core\src\html\NodeProcessor.js:294:14
    at Array.forEach (<anonymous>)
    at NodeProcessor._process (C:\Users\dcsaksh\AppData\Roaming\npm\node_modules\markbind-cli\node_modules\@markbind\core\src\html\NodeProcessor.js:293:21)
    at C:\Users\dcsaksh\AppData\Roaming\npm\node_modules\markbind-cli\node_modules\@markbind\core\src\html\NodeProcessor.js:294:14
    at Array.forEach (<anonymous>)
    at NodeProcessor._process (C:\Users\dcsaksh\AppData\Roaming\npm\node_modules\markbind-cli\node_modules\@markbind\core\src\html\NodeProcessor.js:293:21)
    at C:\Users\dcsaksh\AppData\Roaming\npm\node_modules\markbind-cli\node_modules\@markbind\core\src\html\NodeProcessor.js:294:14
    at Array.forEach (<anonymous>)
    at NodeProcessor._process (C:\Users\dcsaksh\AppData\Roaming\npm\node_modules\markbind-cli\node_modules\@markbind\core\src\html\NodeProcessor.js:293:21)
    at C:\Users\dcsaksh\AppData\Roaming\npm\node_modules\markbind-cli\node_modules\@markbind\core\src\html\NodeProcessor.js:294:14
2021-08-10T13:14:16.695Z - error:  Error: No such segment '#githubclassroom-workingon-assignment' in file: D:\Teaching\CS2113\_AY2122S1\AY2122S1-website\admin\appendixE-gitHub.md
Missing reference in D:\Teaching\CS2113\_AY2122S1\AY2122S1-website\admin\githubClassroomInfo.md
    at processInclude (C:\Users\dcsaksh\AppData\Roaming\npm\node_modules\markbind-cli\node_modules\@markbind\core\src\html\includePanelProcessor.js:225:23)
    at NodeProcessor.processNode (C:\Users\dcsaksh\AppData\Roaming\npm\node_modules\markbind-cli\node_modules\@markbind\core\src\html\NodeProcessor.js:147:16)
    at NodeProcessor._process (C:\Users\dcsaksh\AppData\Roaming\npm\node_modules\markbind-cli\node_modules\@markbind\core\src\html\NodeProcessor.js:289:20)
    at C:\Users\dcsaksh\AppData\Roaming\npm\node_modules\markbind-cli\node_modules\@markbind\core\src\html\NodeProcessor.js:294:14
    at Array.forEach (<anonymous>)
    at NodeProcessor._process (C:\Users\dcsaksh\AppData\Roaming\npm\node_modules\markbind-cli\node_modules\@markbind\core\src\html\NodeProcessor.js:293:21)
    at C:\Users\dcsaksh\AppData\Roaming\npm\node_modules\markbind-cli\node_modules\@markbind\core\src\html\NodeProcessor.js:294:14
    at Array.forEach (<anonymous>)
    at NodeProcessor._process (C:\Users\dcsaksh\AppData\Roaming\npm\node_modules\markbind-cli\node_modules\@markbind\core\src\html\NodeProcessor.js:293:21)
    at C:\Users\dcsaksh\AppData\Roaming\npm\node_modules\markbind-cli\node_modules\@markbind\core\src\html\NodeProcessor.js:294:14
    at Array.forEach (<anonymous>)
    at NodeProcessor._process (C:\Users\dcsaksh\AppData\Roaming\npm\node_modules\markbind-cli\node_modules\@markbind\core\src\html\NodeProcessor.js:293:21)
    at C:\Users\dcsaksh\AppData\Roaming\npm\node_modules\markbind-cli\node_modules\@markbind\core\src\html\NodeProcessor.js:294:14
    at Array.forEach (<anonymous>)
    at NodeProcessor._process (C:\Users\dcsaksh\AppData\Roaming\npm\node_modules\markbind-cli\node_modules\@markbind\core\src\html\NodeProcessor.js:293:21)
    at C:\Users\dcsaksh\AppData\Roaming\npm\node_modules\markbind-cli\node_modules\@markbind\core\src\html\NodeProcessor.js:294:14
2021-08-10T13:14:17.399Z - info: Pages built
2021-08-10T13:14:18.467Z - info: Site data built
2021-08-10T13:14:18.468Z - info: Website generation complete! Total build time: 233.046s
2021-08-10T13:14:18.468Z - info: Build success!
2021-08-10T13:14:41.106Z - info: Deployed at https://nus-cs2113-ay2122s1.github.io/website!
