2021-09-13T08:28:05.671Z - info: Website generation (lazy) started at 4:27:50 pm
2021-09-13T08:28:15.546Z - info: Building assets...
2021-09-13T08:28:26.114Z - info: Assets built
2021-09-13T08:28:26.116Z - info: Generating landing page...
2021-09-13T08:28:29.858Z - info: Landing page built, other pages will be built as you navigate to them!
2021-09-13T08:28:32.112Z - info: Site data built
2021-09-13T08:28:32.113Z - info: Website generation (lazy) complete! Total build time: 41.159s
2021-09-13T08:28:33.885Z - info: Serving "D:\Teaching\CS2113\_AY2122S1\AY2122S1-website\_site" at http://127.0.0.1:8080
2021-09-13T08:28:33.887Z - info: Press CTRL+C to stop ...
2021-09-13T08:28:44.852Z - info: Building D:\Teaching\CS2113\_AY2122S1\AY2122S1-website\schedule\week6\tutorial as some of its dependencies were changed since the last visit
2021-09-13T08:28:48.815Z - info: Site data built
2021-09-13T08:28:48.816Z - info: Lazy website regeneration complete! Total build time: 3.965s
2021-09-13T08:30:56.226Z - info: [4:30:56 pm] Reload for file change: D:\Teaching\CS2113\_AY2122S1\AY2122S1-website\admin\common-tutorials.mbdf
2021-09-13T08:30:56.227Z - info: Synchronizing opened pages list before reload
2021-09-13T08:30:56.228Z - info: Current opened pages, from most-to-least recent:
2021-09-13T08:30:56.229Z - info: 1. schedule/week6/tutorial
2021-09-13T08:30:57.241Z - info: Rebuilding 1 pages
2021-09-13T08:30:58.904Z - info: Site data built
2021-09-13T08:30:58.904Z - info: Pages rebuilt
2021-09-13T08:30:58.905Z - info: Website regeneration complete! Total build time: 1.666s
2021-09-13T08:31:46.944Z - info: Website generation started at 4:31:41 pm
2021-09-13T08:31:54.616Z - info: Building assets...
