2021-10-17T14:39:36.204Z - info: Website generation (lazy) started at 10:39:27 pm
2021-10-17T14:39:43.826Z - info: Building assets...
2021-10-17T14:39:51.419Z - info: Assets built
2021-10-17T14:39:51.421Z - info: Generating landing page...
2021-10-17T14:39:54.150Z - info: Landing page built, other pages will be built as you navigate to them!
2021-10-17T14:39:55.689Z - info: Site data built
2021-10-17T14:39:55.690Z - info: Website generation (lazy) complete! Total build time: 28.398s
2021-10-17T14:39:56.805Z - info: Serving "D:\Teaching\CS2113\_AY2122S1\AY2122S1-website\_site" at http://127.0.0.1:8080
2021-10-17T14:39:56.806Z - info: Press CTRL+C to stop ...
2021-10-17T14:40:22.321Z - info: Building D:\Teaching\CS2113\_AY2122S1\AY2122S1-website\schedule\week10\project as some of its dependencies were changed since the last visit
2021-10-17T14:40:23.289Z - info: Site data built
2021-10-17T14:40:23.290Z - info: Lazy website regeneration complete! Total build time: 0.97s
2021-10-17T14:44:41.552Z - info: [10:44:41 pm] Reload for file change: D:\Teaching\CS2113\_AY2122S1\AY2122S1-website\admin\tp-testing.mbdf
2021-10-17T14:44:41.553Z - info: Synchronizing opened pages list before reload
2021-10-17T14:44:41.554Z - info: Current opened pages, from most-to-least recent:
2021-10-17T14:44:41.554Z - info: 1. schedule/week10/project
2021-10-17T14:44:42.590Z - info: Assets built
2021-10-17T14:45:07.010Z - info: Building D:\Teaching\CS2113\_AY2122S1\AY2122S1-website\schedule\week10\tutorial as some of its dependencies were changed since the last visit
2021-10-17T14:45:07.860Z - info: Site data built
2021-10-17T14:45:07.860Z - info: Lazy website regeneration complete! Total build time: 0.851s
2021-10-17T14:45:54.469Z - info: [10:45:54 pm] Reload for file change: D:\Teaching\CS2113\_AY2122S1\AY2122S1-website\admin\tp-testing.mbdf
2021-10-17T14:45:54.469Z - info: Synchronizing opened pages list before reload
2021-10-17T14:45:54.470Z - info: Current opened pages, from most-to-least recent:
2021-10-17T14:45:54.470Z - info: 1. schedule/week10/tutorial
2021-10-17T14:45:55.500Z - info: Assets built
2021-10-17T14:47:30.884Z - info: Building D:\Teaching\CS2113\_AY2122S1\AY2122S1-website\schedule\week11\index as some of its dependencies were changed since the last visit
2021-10-17T14:47:31.686Z - info: Site data built
2021-10-17T14:47:31.686Z - info: Lazy website regeneration complete! Total build time: 0.803s
2021-10-17T14:48:36.087Z - info: [10:48:36 pm] Reload for file change: D:\Teaching\CS2113\_AY2122S1\AY2122S1-website\admin\tp-testing.mbdf
2021-10-17T14:48:36.088Z - info: Synchronizing opened pages list before reload
2021-10-17T14:48:36.089Z - info: Current opened pages, from most-to-least recent:
2021-10-17T14:48:36.089Z - info: 1. schedule/week11/index
2021-10-17T14:48:37.119Z - info: Assets built
2021-10-17T14:49:25.761Z - info: Building D:\Teaching\CS2113\_AY2122S1\AY2122S1-website\schedule\week11\project as some of its dependencies were changed since the last visit
2021-10-17T14:49:27.008Z - info: Site data built
2021-10-17T14:49:27.010Z - info: Lazy website regeneration complete! Total build time: 1.249s
2021-10-17T14:49:45.177Z - info: Building D:\Teaching\CS2113\_AY2122S1\AY2122S1-website\schedule\week11\topics as some of its dependencies were changed since the last visit
2021-10-17T14:49:47.624Z - info: Site data built
2021-10-17T14:49:47.624Z - info: Lazy website regeneration complete! Total build time: 2.448s
2021-10-17T14:49:55.983Z - info: Building D:\Teaching\CS2113\_AY2122S1\AY2122S1-website\schedule\week12\index as some of its dependencies were changed since the last visit
2021-10-17T14:49:56.703Z - info: Site data built
2021-10-17T14:49:56.704Z - info: Lazy website regeneration complete! Total build time: 0.721s
2021-10-17T14:50:17.326Z - info: Building D:\Teaching\CS2113\_AY2122S1\AY2122S1-website\schedule\week12\project as some of its dependencies were changed since the last visit
2021-10-17T14:50:19.088Z - info: Site data built
2021-10-17T14:50:19.088Z - info: Lazy website regeneration complete! Total build time: 1.763s
2021-10-17T14:50:46.088Z - info: [10:50:46 pm] Reload for file change: D:\Teaching\CS2113\_AY2122S1\AY2122S1-website\admin\tp-testing.mbdf
2021-10-17T14:50:46.088Z - info: Synchronizing opened pages list before reload
2021-10-17T14:50:46.089Z - info: Current opened pages, from most-to-least recent:
2021-10-17T14:50:46.089Z - info: 1. schedule/week12/project
2021-10-17T14:50:47.110Z - info: Rebuilding 1 pages
2021-10-17T14:50:48.934Z - info: Site data built
2021-10-17T14:50:48.935Z - info: Pages rebuilt
2021-10-17T14:50:48.935Z - info: Website regeneration complete! Total build time: 1.827s
2021-10-17T14:52:26.803Z - info: Website generation started at 10:52:24 pm
2021-10-17T14:52:30.649Z - info: Building assets...
