2021-10-25T07:15:47.491Z - info: Website generation started at 3:15:30 pm
2021-10-25T07:15:55.152Z - info: Building assets...
2021-10-25T07:16:03.488Z - info: Assets built
2021-10-25T07:16:03.491Z - info: Generating pages...
2021-10-25T07:16:26.708Z - debug:  
2021-10-25T07:16:26.710Z - debug:  
2021-10-25T07:16:26.710Z - debug:  
2021-10-25T07:16:26.746Z - debug:  
2021-10-25T07:16:26.747Z - debug:  
2021-10-25T07:16:30.192Z - debug:  
2021-10-25T07:21:20.737Z - debug:  
2021-10-25T07:21:54.743Z - debug:  
2021-10-25T07:21:54.745Z - debug:  
2021-10-25T07:22:07.620Z - info: Pages built
2021-10-25T07:22:09.331Z - info: Site data built
2021-10-25T07:22:09.332Z - info: Website generation complete! Total build time: 399.191s
2021-10-25T07:22:10.762Z - info: Serving "D:\Teaching\CS2113\_AY2122S1\AY2122S1-website\_site" at http://127.0.0.1:8080
2021-10-25T07:22:10.763Z - info: Press CTRL+C to stop ...
2021-10-25T08:25:48.155Z - info: Website generation started at 4:25:39 pm
2021-10-25T08:25:53.160Z - info: Building assets...
