2021-09-04T07:45:02.235Z - info: Website generation (lazy) started at 3:44:43 pm
2021-09-04T07:45:11.252Z - info: Building assets...
2021-09-04T07:45:19.377Z - info: Assets built
2021-09-04T07:45:19.378Z - info: Generating landing page...
2021-09-04T07:45:22.380Z - info: Landing page built, other pages will be built as you navigate to them!
2021-09-04T07:45:24.504Z - info: Site data built
2021-09-04T07:45:24.505Z - info: Website generation (lazy) complete! Total build time: 40.91s
2021-09-04T07:45:27.051Z - info: Serving "D:\Teaching\CS2113\_AY2122S1\AY2122S1-website\_site" at http://127.0.0.1:8080
2021-09-04T07:45:27.053Z - info: Press CTRL+C to stop ...
2021-09-04T11:47:58.776Z - info: Website generation started at 7:47:55 pm
2021-09-04T11:48:03.555Z - info: Building assets...
2021-09-04T11:48:08.503Z - info: Assets built
2021-09-04T11:48:08.504Z - info: Generating pages...
2021-09-04T11:48:24.009Z - debug:  
2021-09-04T11:48:24.010Z - debug:  
2021-09-04T11:48:24.010Z - debug:  
2021-09-04T11:48:24.011Z - debug:  
2021-09-04T11:48:24.011Z - debug:  
2021-09-04T11:48:24.079Z - debug:  
2021-09-04T11:50:40.710Z - debug:  
2021-09-04T11:50:55.937Z - debug:  
2021-09-04T11:50:55.938Z - debug:  
2021-09-04T11:51:03.042Z - info: Pages built
2021-09-04T11:51:04.481Z - info: Site data built
2021-09-04T11:51:04.482Z - info: Website generation complete! Total build time: 189.067s
2021-09-04T11:51:04.482Z - info: Build success!
2021-09-04T11:51:29.055Z - info: Deployed at https://nus-cs2113-ay2122s1.github.io/website!
