2021-11-22T00:38:11.958Z - info: Website generation (lazy) started at 8:38:06 am
2021-11-22T00:38:16.467Z - info: Building assets...
2021-11-22T00:38:20.062Z - info: Assets built
2021-11-22T00:38:20.063Z - info: Generating landing page...
2021-11-22T00:38:21.481Z - info: Landing page built, other pages will be built as you navigate to them!
2021-11-22T00:38:22.696Z - info: Site data built
2021-11-22T00:38:22.696Z - info: Website generation (lazy) complete! Total build time: 15.876s
2021-11-22T00:38:23.560Z - info: Serving "D:\Teaching\CS2113\_AY2122S1\AY2122S1-website\_site" at http://127.0.0.1:8080
2021-11-22T00:38:23.560Z - info: Press CTRL+C to stop ...
2021-11-22T00:39:08.898Z - info: Building D:\Teaching\CS2113\_AY2122S1\AY2122S1-website\admin\index as some of its dependencies were changed since the last visit
2021-11-22T00:39:09.521Z - info: Site data built
2021-11-22T00:39:09.522Z - info: Lazy website regeneration complete! Total build time: 0.624s
2021-11-22T00:39:12.528Z - info: Building D:\Teaching\CS2113\_AY2122S1\AY2122S1-website\admin\exams as some of its dependencies were changed since the last visit
2021-11-22T00:39:12.714Z - info: Site data built
2021-11-22T00:39:12.714Z - info: Lazy website regeneration complete! Total build time: 0.186s
2021-11-22T00:41:07.253Z - info: [8:41:07 am] Reload for file change: D:\Teaching\CS2113\_AY2122S1\AY2122S1-website\admin\exams.md
2021-11-22T00:41:07.253Z - info: Synchronizing opened pages list before reload
2021-11-22T00:41:07.254Z - info: Current opened pages, from most-to-least recent:
2021-11-22T00:41:07.255Z - info: 1. admin/exams
2021-11-22T00:41:08.274Z - info: Rebuilding 1 pages
2021-11-22T00:41:08.463Z - info: Site data built
2021-11-22T00:41:08.463Z - info: Pages rebuilt
2021-11-22T00:41:08.464Z - info: Website regeneration complete! Total build time: 0.19s
2021-11-22T00:41:19.400Z - info: [8:41:19 am] Reload for file change: D:\Teaching\CS2113\_AY2122S1\AY2122S1-website\admin\exams.md
2021-11-22T00:41:19.400Z - info: Synchronizing opened pages list before reload
2021-11-22T00:41:19.401Z - info: Current opened pages, from most-to-least recent:
2021-11-22T00:41:19.401Z - info: 1. admin/exams
2021-11-22T00:41:20.417Z - info: Rebuilding 1 pages
2021-11-22T00:41:20.610Z - info: Site data built
2021-11-22T00:41:20.610Z - info: Pages rebuilt
2021-11-22T00:41:20.610Z - info: Website regeneration complete! Total build time: 0.194s
2021-11-22T00:41:45.611Z - info: [8:41:45 am] Reload for file change: D:\Teaching\CS2113\_AY2122S1\AY2122S1-website\admin\exams.md
2021-11-22T00:41:45.611Z - info: Synchronizing opened pages list before reload
2021-11-22T00:41:45.612Z - info: Current opened pages, from most-to-least recent:
2021-11-22T00:41:45.613Z - info: 1. admin/exams
2021-11-22T00:41:46.619Z - info: Rebuilding 1 pages
2021-11-22T00:41:46.904Z - info: Site data built
2021-11-22T00:41:46.905Z - info: Pages rebuilt
2021-11-22T00:41:46.905Z - info: Website regeneration complete! Total build time: 0.287s
2021-11-22T00:42:09.190Z - info: [8:42:09 am] Reload for file change: D:\Teaching\CS2113\_AY2122S1\AY2122S1-website\admin\exams.md
2021-11-22T00:42:09.190Z - info: Synchronizing opened pages list before reload
2021-11-22T00:42:09.191Z - info: Current opened pages, from most-to-least recent:
2021-11-22T00:42:09.191Z - info: 1. admin/exams
2021-11-22T00:42:10.205Z - info: Rebuilding 1 pages
2021-11-22T00:42:10.429Z - info: Site data built
2021-11-22T00:42:10.429Z - info: Pages rebuilt
2021-11-22T00:42:10.429Z - info: Website regeneration complete! Total build time: 0.225s
2021-11-22T00:42:20.568Z - info: [8:42:20 am] Reload for file change: D:\Teaching\CS2113\_AY2122S1\AY2122S1-website\admin\exams.md
2021-11-22T00:42:20.569Z - info: Synchronizing opened pages list before reload
2021-11-22T00:42:20.570Z - info: Current opened pages, from most-to-least recent:
2021-11-22T00:42:20.570Z - info: 1. admin/exams
2021-11-22T00:42:21.583Z - info: Rebuilding 1 pages
2021-11-22T00:42:21.752Z - info: Site data built
2021-11-22T00:42:21.753Z - info: Pages rebuilt
2021-11-22T00:42:21.753Z - info: Website regeneration complete! Total build time: 0.171s
2021-11-22T00:42:41.782Z - info: Website generation started at 8:42:39 am
2021-11-22T00:42:45.497Z - info: Building assets...
