2021-10-31T15:23:27.293Z - info: Website generation started at 11:23:21 pm
2021-10-31T15:23:33.088Z - info: Building assets...
2021-10-31T15:23:37.318Z - info: Assets built
2021-10-31T15:23:37.320Z - info: Generating pages...
2021-10-31T15:23:50.951Z - debug:  
2021-10-31T15:23:50.951Z - debug:  
2021-10-31T15:23:50.952Z - debug:  
2021-10-31T15:23:50.952Z - debug:  
2021-10-31T15:23:50.952Z - debug:  
2021-10-31T15:23:51.450Z - debug:  
2021-10-31T15:26:07.456Z - debug:  
2021-10-31T15:26:24.643Z - debug:  
2021-10-31T15:26:24.644Z - debug:  
2021-10-31T15:26:30.930Z - info: Pages built
2021-10-31T15:26:32.112Z - info: Site data built
2021-10-31T15:26:32.113Z - info: Website generation complete! Total build time: 190.52s
2021-10-31T15:26:32.113Z - info: Build success!
2021-10-31T15:26:54.917Z - info: Deployed at https://nus-cs2113-ay2122s1.github.io/website!
2021-10-31T15:57:57.384Z - info: Website generation started at 11:57:52 pm
2021-10-31T15:58:01.398Z - info: Building assets...
2021-10-31T15:58:05.536Z - info: Assets built
2021-10-31T15:58:05.537Z - info: Generating pages...
2021-10-31T15:58:18.469Z - debug:  
2021-10-31T15:58:18.470Z - debug:  
2021-10-31T15:58:18.470Z - debug:  
2021-10-31T15:58:18.470Z - debug:  
2021-10-31T15:58:18.470Z - debug:  
2021-10-31T15:58:18.956Z - debug:  
