2021-10-31T16:00:28.100Z - debug:  
2021-10-31T16:00:45.609Z - debug:  
2021-10-31T16:00:45.609Z - debug:  
2021-10-31T16:00:51.724Z - info: Pages built
2021-10-31T16:00:52.774Z - info: Site data built
2021-10-31T16:00:52.776Z - info: Website generation complete! Total build time: 180.32s
2021-10-31T16:00:53.655Z - info: Serving "D:\Teaching\CS2113\_AY2122S1\AY2122S1-website\_site" at http://127.0.0.1:8080
2021-10-31T16:00:53.656Z - info: Press CTRL+C to stop ...
2021-10-31T16:02:20.749Z - info: [12:02:20 am] Reload for file change: D:\Teaching\CS2113\_AY2122S1\AY2122S1-website\admin\tp-tasks.mbdf
2021-10-31T16:02:21.771Z - info: Rebuilding 48 pages
2021-10-31T16:02:45.766Z - debug:  
2021-10-31T16:02:45.770Z - debug:  
2021-10-31T16:03:36.336Z - info: Site data built
2021-10-31T16:03:36.339Z - info: Pages rebuilt
2021-10-31T16:03:36.339Z - info: Website regeneration complete! Total build time: 74.572s
2021-10-31T16:06:01.155Z - info: Website generation started at 12:05:55 am
2021-10-31T16:06:05.491Z - info: Building assets...
2021-10-31T16:06:09.607Z - info: Assets built
2021-10-31T16:06:09.608Z - info: Generating pages...
2021-10-31T16:06:23.355Z - debug:  
2021-10-31T16:06:23.355Z - debug:  
2021-10-31T16:06:23.356Z - debug:  
2021-10-31T16:06:23.356Z - debug:  
2021-10-31T16:06:23.357Z - debug:  
2021-10-31T16:06:23.934Z - debug:  
2021-10-31T16:09:26.809Z - debug:  
2021-10-31T16:09:47.154Z - debug:  
2021-10-31T16:09:47.195Z - debug:  
2021-10-31T16:09:53.375Z - info: Pages built
2021-10-31T16:09:54.405Z - info: Site data built
2021-10-31T16:09:54.406Z - info: Website generation complete! Total build time: 239.293s
2021-10-31T16:09:54.406Z - info: Build success!
2021-10-31T16:10:17.090Z - info: Deployed at https://nus-cs2113-ay2122s1.github.io/website!
2021-11-01T00:01:00.951Z - info: Website generation started at 8:00:47 am
2021-11-01T00:01:11.451Z - info: Building assets...
2021-11-01T00:01:18.647Z - info: Assets built
2021-11-01T00:01:18.648Z - info: Generating pages...
2021-11-01T00:01:35.914Z - debug:  
2021-11-01T00:01:35.915Z - debug:  
2021-11-01T00:01:35.920Z - debug:  
2021-11-01T00:01:39.348Z - debug:  
2021-11-01T00:01:39.349Z - debug:  
2021-11-01T00:01:39.353Z - debug:  
2021-11-01T00:04:37.404Z - debug:  
2021-11-01T00:04:55.958Z - debug:  
2021-11-01T00:04:55.960Z - debug:  
2021-11-01T00:05:02.648Z - info: Pages built
2021-11-01T00:05:04.054Z - info: Site data built
2021-11-01T00:05:04.056Z - info: Website generation complete! Total build time: 257.001s
2021-11-01T00:05:05.904Z - info: Serving "D:\Teaching\CS2113\_AY2122S1\AY2122S1-website\_site" at http://127.0.0.1:8080
2021-11-01T00:05:05.905Z - info: Press CTRL+C to stop ...
2021-11-01T00:06:21.797Z - info: Website generation started at 8:06:07 am
2021-11-01T00:06:30.386Z - info: Building assets...
